<?xml version="1.0" encoding="UTF-8"?>
<testng-results ignored="0" total="1" passed="1" failed="0" skipped="0">
  <reporter-output>
    <line>
      <![CDATA[Supplier-00000002016      Supplier-00000002016]]>
    </line>
  </reporter-output>
  <suite started-at="2024-03-19T12:50:06 IST" name="Surefire suite" finished-at="2024-03-19T12:50:28 IST" duration-ms="21618">
    <groups>
    </groups>
    <test started-at="2024-03-19T12:50:06 IST" name="Surefire test" finished-at="2024-03-19T12:50:28 IST" duration-ms="21618">
      <class name="DriverFactory.AppTest">
        <test-method signature="KickStart()[pri:0, instance:DriverFactory.AppTest@23529fee]" started-at="2024-03-19T12:50:06 IST" name="KickStart" finished-at="2024-03-19T12:50:28 IST" duration-ms="21567" status="PASS">
          <reporter-output>
            <line>
              <![CDATA[Supplier-00000002016      Supplier-00000002016]]>
            </line>
          </reporter-output>
        </test-method> <!-- KickStart -->
      </class> <!-- DriverFactory.AppTest -->
    </test> <!-- Surefire test -->
  </suite> <!-- Surefire suite -->
</testng-results>
