<?xml version="1.0" encoding="UTF-8"?>
<testng-results ignored="0" total="1" passed="1" failed="0" skipped="0">
  <reporter-output>
  </reporter-output>
  <suite started-at="2024-03-25T09:52:55 IST" name="Default suite" finished-at="2024-03-25T09:53:32 IST" duration-ms="36734">
    <groups>
    </groups>
    <test started-at="2024-03-25T09:52:55 IST" name="Default test" finished-at="2024-03-25T09:53:32 IST" duration-ms="36734">
      <class name="DriverFactory.AppTest">
        <test-method signature="KickStart()[pri:0, instance:DriverFactory.AppTest@4550bb58]" started-at="2024-03-25T09:52:55 IST" name="KickStart" finished-at="2024-03-25T09:53:32 IST" duration-ms="36633" status="PASS">
          <reporter-output>
          </reporter-output>
        </test-method> <!-- KickStart -->
      </class> <!-- DriverFactory.AppTest -->
    </test> <!-- Default test -->
  </suite> <!-- Default suite -->
</testng-results>
